<?xml version="1.0" encoding="UTF-8"?>
<!-- Generated by org.testng.reporters.JUnitReportReporter -->
<testsuite hostname="PIC4449" failures="0" tests="1" name="Test.SortingTest" time="4.937" errors="0" timestamp="2024-07-07T10:41:20 IST" skipped="0">
  <testcase classname="Test.SortingTest" name="verifyProductSorting" time="4.937"/>
</testsuite> <!-- Test.SortingTest -->
