<?xml version="1.0" encoding="UTF-8"?>
<!-- Generated by org.testng.reporters.JUnitReportReporter -->
<testsuite hostname="PIC4449" failures="0" tests="1" name="Test.ProductTest" time="5.163" errors="0" timestamp="2024-07-07T10:48:15 IST" skipped="0">
  <testcase classname="Test.ProductTest" name="verifyProductSorting" time="5.163"/>
</testsuite> <!-- Test.ProductTest -->
